<?xml version="1.0" encoding="UTF-8"?>
<!-- Generated by org.testng.reporters.JUnitReportReporter -->
<testsuite hostname="DESKTOP-SH3BACH" failures="0" tests="4" name="TestCases" time="2.908" errors="0" timestamp="2024-06-03T14:11:15 EET" skipped="0">
  <testcase classname="TestCases" name="Login" time="2.714"/>
  <system-out/>
  <testcase classname="TestCases" name="testProductTitle" time="0.041"/>
  <system-out/>
  <testcase classname="TestCases" name="testPriceFilter" time="0.103"/>
  <system-out/>
  <testcase classname="TestCases" name="testLowestPriceFilter" time="0.050"/>
  <system-out/>
</testsuite> <!-- TestCases -->
