<?xml version="1.0" encoding="UTF-8"?>
<!-- Generated by org.testng.reporters.JUnitReportReporter -->
<testsuite hostname="DESKTOP-SH3BACH" failures="0" tests="4" name="TestCases" time="3.867" errors="0" timestamp="2024-06-04T13:32:05 EET" skipped="0">
  <testcase classname="TestCases" name="Login" time="3.221"/>
  <system-out/>
  <testcase classname="TestCases" name="testProductTitle" time="0.072"/>
  <system-out/>
  <testcase classname="TestCases" name="testPriceFilter" time="0.357"/>
  <system-out/>
  <testcase classname="TestCases" name="testLowestPriceFilter" time="0.217"/>
  <system-out/>
</testsuite> <!-- TestCases -->
