<?xml version="1.0" encoding="UTF-8"?>
<!-- Generated by org.testng.reporters.JUnitReportReporter -->
<testsuite hostname="DESKTOP-SH3BACH" failures="0" tests="4" name="TestCases" time="3.821" errors="0" timestamp="2024-06-04T16:27:13 EET" skipped="0">
  <testcase classname="TestCases" name="Login" time="3.145"/>
  <system-out/>
  <testcase classname="TestCases" name="testProductTitle" time="0.065"/>
  <system-out/>
  <testcase classname="TestCases" name="testPriceFilter" time="0.395"/>
  <system-out/>
  <testcase classname="TestCases" name="testLowestPriceFilter" time="0.216"/>
  <system-out/>
</testsuite> <!-- TestCases -->
