<?xml version="1.0" encoding="UTF-8"?>
<!-- Generated by org.testng.reporters.JUnitReportReporter -->
<testsuite hostname="DESKTOP-SH3BACH" failures="0" tests="4" name="TestCases" time="3.715" errors="0" timestamp="2024-06-03T11:56:25 EET" skipped="0">
  <testcase classname="TestCases" name="Login" time="3.228"/>
  <system-out/>
  <testcase classname="TestCases" name="testProductTitle" time="0.069"/>
  <system-out/>
  <testcase classname="TestCases" name="testPriceFilter" time="0.299"/>
  <system-out/>
  <testcase classname="TestCases" name="testLowestPriceFilter" time="0.119"/>
  <system-out/>
</testsuite> <!-- TestCases -->
